# JRE version: OpenJDK Runtime Environment (8.0_202-b03) (build 1.8.0_202-release-1483-b03)
# Java VM: OpenJDK 64-Bit Server VM (25.202-b03 mixed mode windows-amd64 compressed oops)
Heap:
 PSYoungGen      total 491008K, used 135183K [0x00000000e0000000, 0x0000000100000000, 0x0000000100000000)
  eden space 460800K, 28% used [0x00000000e0000000,0x00000000e7fbfd60,0x00000000fc200000)
  from space 30208K, 14% used [0x00000000fc200000,0x00000000fc644138,0x00000000fdf80000)
  to   space 31744K, 0% used [0x00000000fe100000,0x00000000fe100000,0x0000000100000000)
 ParOldGen       total 204288K, used 163096K [0x00000000a0000000, 0x00000000ac780000, 0x00000000e0000000)
  object space 204288K, 79% used [0x00000000a0000000,0x00000000a9f463e0,0x00000000ac780000)
 Metaspace       used 95476K, capacity 102130K, committed 102272K, reserved 1138688K
  class space    used 11993K, capacity 13115K, committed 13184K, reserved 1048576K
GC Heap History (10 events):
Event: 13781.376 GC heap before
{Heap before GC invocations=119 (full 8):
 PSYoungGen      total 490496K, used 477182K [0x00000000e0000000, 0x0000000100000000, 0x0000000100000000)
  eden space 456192K, 100% used [0x00000000e0000000,0x00000000fbd80000,0x00000000fbd80000)
  from space 34304K, 61% used [0x00000000fde80000,0x00000000ff2ffa80,0x0000000100000000)
  to   space 33792K, 0% used [0x00000000fbd80000,0x00000000fbd80000,0x00000000fde80000)
 ParOldGen       total 204288K, used 157937K [0x00000000a0000000, 0x00000000ac780000, 0x00000000e0000000)
  object space 204288K, 77% used [0x00000000a0000000,0x00000000a9a3c758,0x00000000ac780000)
 Metaspace       used 95100K, capacity 101648K, committed 101760K, reserved 1138688K
  class space    used 11980K, capacity 13072K, committed 13184K, reserved 1048576K
Event: 13782.234 GC heap after
Heap after GC invocations=119 (full 8):
 PSYoungGen      total 475136K, used 18880K [0x00000000e0000000, 0x00000000ffc80000, 0x0000000100000000)
  eden space 456192K, 0% used [0x00000000e0000000,0x00000000e0000000,0x00000000fbd80000)
  from space 18944K, 99% used [0x00000000fbd80000,0x00000000fcff0158,0x00000000fd000000)
  to   space 32256K, 0% used [0x00000000fdd00000,0x00000000fdd00000,0x00000000ffc80000)
 ParOldGen       total 204288K, used 162012K [0x00000000a0000000, 0x00000000ac780000, 0x00000000e0000000)
  object space 204288K, 79% used [0x00000000a0000000,0x00000000a9e371e8,0x00000000ac780000)
 Metaspace       used 95100K, capacity 101648K, committed 101760K, reserved 1138688K
  class space    used 11980K, capacity 13072K, committed 13184K, reserved 1048576K
}
Event: 14415.033 GC heap before
{Heap before GC invocations=120 (full 8):
 PSYoungGen      total 475136K, used 475072K [0x00000000e0000000, 0x00000000ffc80000, 0x0000000100000000)
  eden space 456192K, 100% used [0x00000000e0000000,0x00000000fbd80000,0x00000000fbd80000)
  from space 18944K, 99% used [0x00000000fbd80000,0x00000000fcff0158,0x00000000fd000000)
  to   space 32256K, 0% used [0x00000000fdd00000,0x00000000fdd00000,0x00000000ffc80000)
 ParOldGen       total 204288K, used 162012K [0x00000000a0000000, 0x00000000ac780000, 0x00000000e0000000)
  object space 204288K, 79% used [0x00000000a0000000,0x00000000a9e371e8,0x00000000ac780000)
 Metaspace       used 95173K, capacity 101712K, committed 102016K, reserved 1138688K
  class space    used 11981K, capacity 13072K, committed 13184K, reserved 1048576K
Event: 14417.743 GC heap after
Heap after GC invocations=120 (full 8):
 PSYoungGen      total 488960K, used 16242K [0x00000000e0000000, 0x0000000100000000, 0x0000000100000000)
  eden space 456704K, 0% used [0x00000000e0000000,0x00000000e0000000,0x00000000fbe00000)
  from space 32256K, 50% used [0x00000000fdd00000,0x00000000fecdc9f8,0x00000000ffc80000)
  to   space 31744K, 0% used [0x00000000fbe00000,0x00000000fbe00000,0x00000000fdd00000)
 ParOldGen       total 204288K, used 162740K [0x00000000a0000000, 0x00000000ac780000, 0x00000000e0000000)
  object space 204288K, 79% used [0x00000000a0000000,0x00000000a9eed3b0,0x00000000ac780000)
 Metaspace       used 95173K, capacity 101712K, committed 102016K, reserved 1138688K
  class space    used 11981K, capacity 13072K, committed 13184K, reserved 1048576K
}
Event: 14885.201 GC heap before
{Heap before GC invocations=121 (full 8):
 PSYoungGen      total 488960K, used 472946K [0x00000000e0000000, 0x0000000100000000, 0x0000000100000000)
  eden space 456704K, 100% used [0x00000000e0000000,0x00000000fbe00000,0x00000000fbe00000)
  from space 32256K, 50% used [0x00000000fdd00000,0x00000000fecdc9f8,0x00000000ffc80000)
  to   space 31744K, 0% used [0x00000000fbe00000,0x00000000fbe00000,0x00000000fdd00000)
 ParOldGen       total 204288K, used 162740K [0x00000000a0000000, 0x00000000ac780000, 0x00000000e0000000)
  object space 204288K, 79% used [0x00000000a0000000,0x00000000a9eed3b0,0x00000000ac780000)
 Metaspace       used 95283K, capacity 101966K, committed 102272K, reserved 1138688K
  class space    used 11986K, capacity 13109K, committed 13184K, reserved 1048576K
Event: 14885.288 GC heap after
Heap after GC invocations=121 (full 8):
 PSYoungGen      total 488448K, used 17392K [0x00000000e0000000, 0x00000000ffd80000, 0x0000000100000000)
  eden space 456704K, 0% used [0x00000000e0000000,0x00000000e0000000,0x00000000fbe00000)
  from space 31744K, 54% used [0x00000000fbe00000,0x00000000fcefc188,0x00000000fdd00000)
  to   space 30720K, 0% used [0x00000000fdf80000,0x00000000fdf80000,0x00000000ffd80000)
 ParOldGen       total 204288K, used 163088K [0x00000000a0000000, 0x00000000ac780000, 0x00000000e0000000)
  object space 204288K, 79% used [0x00000000a0000000,0x00000000a9f443e0,0x00000000ac780000)
 Metaspace       used 95283K, capacity 101966K, committed 102272K, reserved 1138688K
  class space    used 11986K, capacity 13109K, committed 13184K, reserved 1048576K
}
Event: 16071.516 GC heap before
{Heap before GC invocations=122 (full 8):
 PSYoungGen      total 488448K, used 474096K [0x00000000e0000000, 0x00000000ffd80000, 0x0000000100000000)
  eden space 456704K, 100% used [0x00000000e0000000,0x00000000fbe00000,0x00000000fbe00000)
  from space 31744K, 54% used [0x00000000fbe00000,0x00000000fcefc188,0x00000000fdd00000)
  to   space 30720K, 0% used [0x00000000fdf80000,0x00000000fdf80000,0x00000000ffd80000)
 ParOldGen       total 204288K, used 163088K [0x00000000a0000000, 0x00000000ac780000, 0x00000000e0000000)
  object space 204288K, 79% used [0x00000000a0000000,0x00000000a9f443e0,0x00000000ac780000)
 Metaspace       used 95350K, capacity 101996K, committed 102272K, reserved 1138688K
  class space    used 11990K, capacity 13114K, committed 13184K, reserved 1048576K
Event: 16075.821 GC heap after
Heap after GC invocations=122 (full 8):
 PSYoungGen      total 491520K, used 21233K [0x00000000e0000000, 0x00000000ffe00000, 0x0000000100000000)
  eden space 460800K, 0% used [0x00000000e0000000,0x00000000e0000000,0x00000000fc200000)
  from space 30720K, 69% used [0x00000000fdf80000,0x00000000ff43c698,0x00000000ffd80000)
  to   space 30208K, 0% used [0x00000000fc200000,0x00000000fc200000,0x00000000fdf80000)
 ParOldGen       total 204288K, used 163096K [0x00000000a0000000, 0x00000000ac780000, 0x00000000e0000000)
  object space 204288K, 79% used [0x00000000a0000000,0x00000000a9f463e0,0x00000000ac780000)
 Metaspace       used 95350K, capacity 101996K, committed 102272K, reserved 1138688K
  class space    used 11990K, capacity 13114K, committed 13184K, reserved 1048576K
}
Event: 19404.401 GC heap before
{Heap before GC invocations=123 (full 8):
 PSYoungGen      total 491520K, used 482033K [0x00000000e0000000, 0x00000000ffe00000, 0x0000000100000000)
  eden space 460800K, 100% used [0x00000000e0000000,0x00000000fc200000,0x00000000fc200000)
  from space 30720K, 69% used [0x00000000fdf80000,0x00000000ff43c698,0x00000000ffd80000)
  to   space 30208K, 0% used [0x00000000fc200000,0x00000000fc200000,0x00000000fdf80000)
 ParOldGen       total 204288K, used 163096K [0x00000000a0000000, 0x00000000ac780000, 0x00000000e0000000)
  object space 204288K, 79% used [0x00000000a0000000,0x00000000a9f463e0,0x00000000ac780000)
 Metaspace       used 95466K, capacity 102130K, committed 102272K, reserved 1138688K
  class space    used 11993K, capacity 13115K, committed 13184K, reserved 1048576K
Event: 19411.483 GC heap after
Heap after GC invocations=123 (full 8):
 PSYoungGen      total 491008K, used 4368K [0x00000000e0000000, 0x0000000100000000, 0x0000000100000000)
  eden space 460800K, 0% used [0x00000000e0000000,0x00000000e0000000,0x00000000fc200000)
  from space 30208K, 14% used [0x00000000fc200000,0x00000000fc644138,0x00000000fdf80000)
  to   space 31744K, 0% used [0x00000000fe100000,0x00000000fe100000,0x0000000100000000)
 ParOldGen       total 204288K, used 163096K [0x00000000a0000000, 0x00000000ac780000, 0x00000000e0000000)
  object space 204288K, 79% used [0x00000000a0000000,0x00000000a9f463e0,0x00000000ac780000)
 Metaspace       used 95466K, capacity 102130K, committed 102272K, reserved 1138688K
  class space    used 11993K, capacity 13115K, committed 13184K, reserved 1048576K
}

